[M::main::2.197*0.90] loaded/built the index for 246511 target sequence(s)
[M::mm_mapopt_update::2.924*0.93] mid_occ = 121
[M::mm_idx_stat] kmer size: 15; skip: 10; is_hpc: 0; #seq: 246511
[M::mm_idx_stat::3.232*0.93] distinct minimizers: 20594185 (42.37% are singletons); average occurrences: 3.756; average spacing: 5.398
[M::worker_pipeline::92.394*36.67] mapped 487924 sequences
[M::worker_pipeline::157.670*29.03] mapped 457578 sequences
[M::worker_pipeline::221.791*25.81] mapped 446315 sequences
[M::worker_pipeline::288.823*23.73] mapped 440629 sequences
[M::worker_pipeline::356.828*22.19] mapped 439729 sequences
[M::worker_pipeline::421.725*21.41] mapped 438825 sequences
[M::worker_pipeline::484.097*20.96] mapped 436924 sequences
[M::worker_pipeline::547.306*20.53] mapped 439584 sequences
[M::worker_pipeline::610.571*20.18] mapped 439827 sequences
[M::worker_pipeline::675.512*19.85] mapped 442892 sequences
[M::worker_pipeline::742.245*19.51] mapped 444151 sequences
[M::worker_pipeline::814.983*19.09] mapped 453339 sequences
[M::worker_pipeline::888.338*17.65] mapped 465547 sequences
[M::worker_pipeline::891.638*17.59] mapped 37259 sequences
[M::main] Version: 2.17-r941
[M::main] CMD: minimap2 -t 100 -a -L -x map-ont results/alignment/minimap2_index2/transcriptome_reference.mmi results/basecalling/merge_fastq/control_2.fastq
[M::main] Real time: 892.463 sec; CPU: 15684.537 sec; Peak RSS: 8.497 GB
[bam_sort_core] merging from 25 files and 1 in-memory blocks...
