Checking arguments values
Check input data files
Parse data files
Merge data
Cleaning data
	Discarding lines containing NA values
		0 reads discarded
	Filtering out zero length reads
		26 reads discarded
	Filtering out duplicated reads
		0 reads discarded
	Sorting run IDs by decreasing throughput
		Run-id order ['ac4c47b8c338811112472363c4a22d6142cbaa72']
	Reordering runids
		Processing reads with Run_ID ac4c47b8c338811112472363c4a22d6142cbaa72 / time offset: 0
	Cast value to appropriate type
	Reindexing dataframe by read_ids
		4,007,374 Final valid reads
Loading plotting interface
	Found 4,007,374 total reads
	Found 3,504,634 pass reads (qual >= 7.0 and length >= 100)
Generating HTML report
	Parsing html config file
	Running method run_summary
		Computing plot
	Running method basecall_summary
		Computing plot
	Running method alignment_summary
		Computing plot
	Running method read_len_1D
		Computing plot
	Running method align_len_1D
		Computing plot
	Running method read_qual_1D
		Computing plot
	Running method identity_freq_1D
		Computing plot
	Running method read_len_read_qual_2D
		Computing plot
	Running method read_len_align_len_2D
		Computing plot
	Running method align_len_identity_freq_2D
		Computing plot
	Running method read_qual_identity_freq_2D
		Computing plot
	Running method output_over_time
		Computing plot
	Running method read_len_over_time
		Computing plot
	Running method read_qual_over_time
		Computing plot
	Running method align_len_over_time
		Computing plot
	Running method identity_freq_over_time
		Computing plot
	Running method barcode_counts
		No barcode information available
	Running method channels_activity
		Computing plot
	Running method alignment_reads_status
		Computing plot
	Running method alignment_rate
		Computing plot
	Skipping method alignment_coverage
	Loading HTML template
	Rendering plots in d3js
	Writing to HTML file
Generating JSON report
	Running summary_stats_dict method
	Compute overall summary statistics
	Writing to JSON file
