/usr/local/lib/python3.9/site-packages/xpore/scripts/dataprep.py:21: PerformanceWarning: indexing past lexsort depth may impact performance.
  pos_end += eventalign_result.loc[index]['line_length'].sum()
/usr/local/lib/python3.9/site-packages/xpore/scripts/dataprep.py:21: PerformanceWarning: indexing past lexsort depth may impact performance.
  pos_end += eventalign_result.loc[index]['line_length'].sum()
/usr/local/lib/python3.9/site-packages/xpore/scripts/dataprep.py:21: PerformanceWarning: indexing past lexsort depth may impact performance.
  pos_end += eventalign_result.loc[index]['line_length'].sum()
/usr/local/lib/python3.9/site-packages/xpore/scripts/dataprep.py:21: PerformanceWarning: indexing past lexsort depth may impact performance.
  pos_end += eventalign_result.loc[index]['line_length'].sum()
/usr/local/lib/python3.9/site-packages/xpore/scripts/dataprep.py:21: PerformanceWarning: indexing past lexsort depth may impact performance.
  pos_end += eventalign_result.loc[index]['line_length'].sum()
/usr/local/lib/python3.9/site-packages/xpore/scripts/dataprep.py:21: PerformanceWarning: indexing past lexsort depth may impact performance.
  pos_end += eventalign_result.loc[index]['line_length'].sum()
/usr/local/lib/python3.9/site-packages/xpore/scripts/dataprep.py:21: PerformanceWarning: indexing past lexsort depth may impact performance.
  pos_end += eventalign_result.loc[index]['line_length'].sum()
/usr/local/lib/python3.9/site-packages/xpore/scripts/dataprep.py:21: PerformanceWarning: indexing past lexsort depth may impact performance.
  pos_end += eventalign_result.loc[index]['line_length'].sum()
/usr/local/lib/python3.9/site-packages/xpore/scripts/dataprep.py:21: PerformanceWarning: indexing past lexsort depth may impact performance.
  pos_end += eventalign_result.loc[index]['line_length'].sum()
/usr/local/lib/python3.9/site-packages/xpore/scripts/dataprep.py:21: PerformanceWarning: indexing past lexsort depth may impact performance.
  pos_end += eventalign_result.loc[index]['line_length'].sum()
/usr/local/lib/python3.9/site-packages/xpore/scripts/dataprep.py:21: PerformanceWarning: indexing past lexsort depth may impact performance.
  pos_end += eventalign_result.loc[index]['line_length'].sum()
/usr/local/lib/python3.9/site-packages/xpore/scripts/dataprep.py:21: PerformanceWarning: indexing past lexsort depth may impact performance.
  pos_end += eventalign_result.loc[index]['line_length'].sum()
/usr/local/lib/python3.9/site-packages/xpore/scripts/dataprep.py:21: PerformanceWarning: indexing past lexsort depth may impact performance.
  pos_end += eventalign_result.loc[index]['line_length'].sum()
/usr/local/lib/python3.9/site-packages/xpore/scripts/dataprep.py:21: PerformanceWarning: indexing past lexsort depth may impact performance.
  pos_end += eventalign_result.loc[index]['line_length'].sum()
/usr/local/lib/python3.9/site-packages/xpore/scripts/dataprep.py:21: PerformanceWarning: indexing past lexsort depth may impact performance.
  pos_end += eventalign_result.loc[index]['line_length'].sum()
/usr/local/lib/python3.9/site-packages/xpore/scripts/dataprep.py:21: PerformanceWarning: indexing past lexsort depth may impact performance.
  pos_end += eventalign_result.loc[index]['line_length'].sum()
/usr/local/lib/python3.9/site-packages/xpore/scripts/dataprep.py:21: PerformanceWarning: indexing past lexsort depth may impact performance.
  pos_end += eventalign_result.loc[index]['line_length'].sum()
/usr/local/lib/python3.9/site-packages/xpore/scripts/dataprep.py:21: PerformanceWarning: indexing past lexsort depth may impact performance.
  pos_end += eventalign_result.loc[index]['line_length'].sum()
/usr/local/lib/python3.9/site-packages/xpore/scripts/dataprep.py:21: PerformanceWarning: indexing past lexsort depth may impact performance.
  pos_end += eventalign_result.loc[index]['line_length'].sum()
/usr/local/lib/python3.9/site-packages/xpore/scripts/dataprep.py:21: PerformanceWarning: indexing past lexsort depth may impact performance.
  pos_end += eventalign_result.loc[index]['line_length'].sum()
/usr/local/lib/python3.9/site-packages/xpore/scripts/dataprep.py:21: PerformanceWarning: indexing past lexsort depth may impact performance.
  pos_end += eventalign_result.loc[index]['line_length'].sum()
/usr/local/lib/python3.9/site-packages/xpore/scripts/dataprep.py:21: PerformanceWarning: indexing past lexsort depth may impact performance.
  pos_end += eventalign_result.loc[index]['line_length'].sum()
/usr/local/lib/python3.9/site-packages/xpore/scripts/dataprep.py:21: PerformanceWarning: indexing past lexsort depth may impact performance.
  pos_end += eventalign_result.loc[index]['line_length'].sum()
/usr/local/lib/python3.9/site-packages/xpore/scripts/dataprep.py:21: PerformanceWarning: indexing past lexsort depth may impact performance.
  pos_end += eventalign_result.loc[index]['line_length'].sum()
/usr/local/lib/python3.9/site-packages/xpore/scripts/dataprep.py:21: PerformanceWarning: indexing past lexsort depth may impact performance.
  pos_end += eventalign_result.loc[index]['line_length'].sum()
/usr/local/lib/python3.9/site-packages/xpore/scripts/dataprep.py:21: PerformanceWarning: indexing past lexsort depth may impact performance.
  pos_end += eventalign_result.loc[index]['line_length'].sum()
/usr/local/lib/python3.9/site-packages/xpore/scripts/dataprep.py:21: PerformanceWarning: indexing past lexsort depth may impact performance.
  pos_end += eventalign_result.loc[index]['line_length'].sum()
/usr/local/lib/python3.9/site-packages/xpore/scripts/dataprep.py:21: PerformanceWarning: indexing past lexsort depth may impact performance.
  pos_end += eventalign_result.loc[index]['line_length'].sum()
/usr/local/lib/python3.9/site-packages/xpore/scripts/dataprep.py:21: PerformanceWarning: indexing past lexsort depth may impact performance.
  pos_end += eventalign_result.loc[index]['line_length'].sum()
/usr/local/lib/python3.9/site-packages/xpore/scripts/dataprep.py:21: PerformanceWarning: indexing past lexsort depth may impact performance.
  pos_end += eventalign_result.loc[index]['line_length'].sum()
/usr/local/lib/python3.9/site-packages/xpore/scripts/dataprep.py:21: PerformanceWarning: indexing past lexsort depth may impact performance.
  pos_end += eventalign_result.loc[index]['line_length'].sum()
/usr/local/lib/python3.9/site-packages/xpore/scripts/dataprep.py:21: PerformanceWarning: indexing past lexsort depth may impact performance.
  pos_end += eventalign_result.loc[index]['line_length'].sum()
/usr/local/lib/python3.9/site-packages/xpore/scripts/dataprep.py:21: PerformanceWarning: indexing past lexsort depth may impact performance.
  pos_end += eventalign_result.loc[index]['line_length'].sum()
/usr/local/lib/python3.9/site-packages/xpore/scripts/dataprep.py:21: PerformanceWarning: indexing past lexsort depth may impact performance.
  pos_end += eventalign_result.loc[index]['line_length'].sum()
/usr/local/lib/python3.9/site-packages/xpore/scripts/dataprep.py:21: PerformanceWarning: indexing past lexsort depth may impact performance.
  pos_end += eventalign_result.loc[index]['line_length'].sum()
/usr/local/lib/python3.9/site-packages/xpore/scripts/dataprep.py:21: PerformanceWarning: indexing past lexsort depth may impact performance.
  pos_end += eventalign_result.loc[index]['line_length'].sum()
/usr/local/lib/python3.9/site-packages/xpore/scripts/dataprep.py:21: PerformanceWarning: indexing past lexsort depth may impact performance.
  pos_end += eventalign_result.loc[index]['line_length'].sum()
/usr/local/lib/python3.9/site-packages/xpore/scripts/dataprep.py:21: PerformanceWarning: indexing past lexsort depth may impact performance.
  pos_end += eventalign_result.loc[index]['line_length'].sum()
/usr/local/lib/python3.9/site-packages/xpore/scripts/dataprep.py:21: PerformanceWarning: indexing past lexsort depth may impact performance.
  pos_end += eventalign_result.loc[index]['line_length'].sum()
/usr/local/lib/python3.9/site-packages/xpore/scripts/dataprep.py:21: PerformanceWarning: indexing past lexsort depth may impact performance.
  pos_end += eventalign_result.loc[index]['line_length'].sum()
/usr/local/lib/python3.9/site-packages/xpore/scripts/dataprep.py:21: PerformanceWarning: indexing past lexsort depth may impact performance.
  pos_end += eventalign_result.loc[index]['line_length'].sum()
/usr/local/lib/python3.9/site-packages/xpore/scripts/dataprep.py:21: PerformanceWarning: indexing past lexsort depth may impact performance.
  pos_end += eventalign_result.loc[index]['line_length'].sum()
/usr/local/lib/python3.9/site-packages/xpore/scripts/dataprep.py:21: PerformanceWarning: indexing past lexsort depth may impact performance.
  pos_end += eventalign_result.loc[index]['line_length'].sum()
/usr/local/lib/python3.9/site-packages/xpore/scripts/dataprep.py:21: PerformanceWarning: indexing past lexsort depth may impact performance.
  pos_end += eventalign_result.loc[index]['line_length'].sum()
/usr/local/lib/python3.9/site-packages/xpore/scripts/dataprep.py:21: PerformanceWarning: indexing past lexsort depth may impact performance.
  pos_end += eventalign_result.loc[index]['line_length'].sum()
/usr/local/lib/python3.9/site-packages/xpore/scripts/dataprep.py:21: PerformanceWarning: indexing past lexsort depth may impact performance.
  pos_end += eventalign_result.loc[index]['line_length'].sum()
/usr/local/lib/python3.9/site-packages/xpore/scripts/dataprep.py:21: PerformanceWarning: indexing past lexsort depth may impact performance.
  pos_end += eventalign_result.loc[index]['line_length'].sum()
/usr/local/lib/python3.9/site-packages/xpore/scripts/dataprep.py:21: PerformanceWarning: indexing past lexsort depth may impact performance.
  pos_end += eventalign_result.loc[index]['line_length'].sum()
/usr/local/lib/python3.9/site-packages/xpore/scripts/dataprep.py:21: PerformanceWarning: indexing past lexsort depth may impact performance.
  pos_end += eventalign_result.loc[index]['line_length'].sum()
/usr/local/lib/python3.9/site-packages/xpore/scripts/dataprep.py:21: PerformanceWarning: indexing past lexsort depth may impact performance.
  pos_end += eventalign_result.loc[index]['line_length'].sum()
/usr/local/lib/python3.9/site-packages/xpore/scripts/dataprep.py:72: SettingWithCopyWarning: 
A value is trying to be set on a copy of a slice from a DataFrame.
Try using .loc[row_indexer,col_indexer] = value instead

See the caveats in the documentation: https://pandas.pydata.org/pandas-docs/stable/user_guide/indexing.html#returning-a-view-versus-a-copy
  chunk_split['line_length'] = np.array(lines)
