2023-01-28T11:53:33.395374-0800 WARNING - MainProcess | Running SampComp
2023-01-28T11:53:33.396723-0800 INFO - MainProcess | Checking and initialising SampComp
2023-01-28T11:53:35.446398-0800 INFO - MainProcess | Reading eventalign index files
2023-01-28T11:56:38.530708-0800 INFO - MainProcess | 	References found in index: 4193
2023-01-28T11:56:38.531014-0800 INFO - MainProcess | Filtering out references with low coverage
2023-01-28T11:56:40.991253-0800 INFO - MainProcess | 	References remaining after reference coverage filtering: 3885
2023-01-28T11:56:46.000047-0800 INFO - MainProcess | Starting data processing
/home/yekim/miniconda3/envs/nanocompore/lib/python3.7/site-packages/sklearn/mixture/_base.py:269: ConvergenceWarning: Initialization 1 did not converge. Try different init parameters, or increase max_iter, tol or check for degenerate data.
  % (init + 1), ConvergenceWarning)
2023-01-29T02:30:13.648282-0800 INFO - Process-10 | All Done. Transcripts processed: 3885
2023-01-29T02:30:15.958640-0800 INFO - MainProcess | Loading SampCompDB
2023-01-29T02:31:11.668588-0800 INFO - MainProcess | Calculate results
Traceback (most recent call last):
  File "/home/yekim/miniconda3/envs/nanocompore/bin/nanocompore", line 8, in <module>
2023-01-29T06:09:53.413692-0800 ERROR - MainProcess | Some references are missing from the BED file provided
2023-01-29T06:09:53.414670-0800 ERROR - MainProcess | An error occured. Killing all processes and closing queues

    sys.exit(main())
  File "/home/yekim/miniconda3/envs/nanocompore/lib/python3.7/site-packages/nanocompore/__main__.py", line 175, in main
    args.func(args)
  File "/home/yekim/miniconda3/envs/nanocompore/lib/python3.7/site-packages/nanocompore/__main__.py", line 213, in sampcomp_main
    db = s()
  File "/home/yekim/miniconda3/envs/nanocompore/lib/python3.7/site-packages/nanocompore/SampComp.py", line 251, in __call__
    raise E
  File "/home/yekim/miniconda3/envs/nanocompore/lib/python3.7/site-packages/nanocompore/SampComp.py", line 239, in __call__
    bed_fn=self.__bed_fn)
  File "/home/yekim/miniconda3/envs/nanocompore/lib/python3.7/site-packages/nanocompore/SampCompDB.py", line 101, in __init__
    self.results = self.__calculate_results(adjust=True)
  File "/home/yekim/miniconda3/envs/nanocompore/lib/python3.7/site-packages/nanocompore/SampCompDB.py", line 159, in __calculate_results
    raise NanocomporeError("Some references are missing from the BED file provided")
nanocompore.common.NanocomporeError: Some references are missing from the BED file provided
